Added Component: Designator=C1(BigCap)
Added Component: Designator=C2(SmallCap)
Added Component: Designator=C3(SmallCap)
Added Component: Designator=C4(BigCap)
Added Component: Designator=IN1(TB)
Added Component: Designator=IN2(TB)
Added Component: Designator=L1(Inductor1)
Added Component: Designator=L2(Inductor1)
Added Component: Designator=L3(Inductor1)
Added Component: Designator=L4(Inductor4)
Added Component: Designator=R2(Resistor3)
Added Component: Designator=R3(Resistor3)
Added Component: Designator=R4A(Resistor3)
Added Component: Designator=R4B(Resistor3)
Added Component: Designator=SW1(Switch)
Added Component: Designator=SW2(Switch)
Added Component: Designator=SW3(Switch)
Added Component: Designator=SW4(Switch)
Added Component: Designator=SW5(Switch)
Added Component: Designator=SW6(Switch)
Added Component: Designator=TB12(TB)
Added Component: Designator=TB34(TB)
Added Net: Name=GND
Added Pin To Net: NetName=NetC1_2 Pin=L1-2
Added Pin To Net: NetName=NetC1_2 Pin=TB12-1
Added Net: Name=NetC1_2
Added Pin To Net: NetName=NetC2_2 Pin=L2-1
Added Pin To Net: NetName=NetC2_2 Pin=SW6-2
Added Net: Name=NetC2_2
Added Pin To Net: NetName=NetC3_2 Pin=L3-2
Added Pin To Net: NetName=NetC3_2 Pin=TB34-1
Added Net: Name=NetC3_2
Added Pin To Net: NetName=NetC4_2 Pin=L4-1
Added Pin To Net: NetName=NetC4_2 Pin=SW3-2
Added Net: Name=NetC4_2
Added Pin To Net: NetName=NetIN1_2 Pin=IN1-2
Added Pin To Net: NetName=NetIN1_2 Pin=SW1-1
Added Pin To Net: NetName=NetIN1_2 Pin=SW2-1
Added Net: Name=NetIN1_2
Added Pin To Net: NetName=NetIN2_1 Pin=IN2-1
Added Pin To Net: NetName=NetIN2_1 Pin=SW4-2
Added Pin To Net: NetName=NetIN2_1 Pin=SW5-2
Added Net: Name=NetIN2_1
Added Pin To Net: NetName=NetL1_1 Pin=L1-1
Added Net: Name=NetL1_1
Added Pin To Net: NetName=NetL2_2 Pin=L2-2
Added Net: Name=NetL2_2
Added Pin To Net: NetName=NetL3_1 Pin=L3-1
Added Net: Name=NetL3_1
Added Pin To Net: NetName=NetL4_2 Pin=L4-2
Added Net: Name=NetL4_2
Added Pin To Net: NetName=NetR1_1 Pin=SW1-2
Added Net: Name=NetR1_1
Added Pin To Net: NetName=NetR2_2 Pin=SW5-1
Added Net: Name=NetR2_2
Added Pin To Net: NetName=NetR3_1 Pin=SW2-2
Added Net: Name=NetR3_1
Added Net: Name=NetR4A_2
Added Pin To Net: NetName=NetR4B_2 Pin=SW4-1
Added Net: Name=NetR4B_2
Added Pin To Net: NetName=NetSW3_1 Pin=SW3-1
Added Pin To Net: NetName=NetSW3_1 Pin=TB34-2
Added Net: Name=NetSW3_1
Added Pin To Net: NetName=NetSW6_1 Pin=SW6-1
Added Pin To Net: NetName=NetSW6_1 Pin=TB12-2
Added Net: Name=NetSW6_1
Added Class: Name=TLine
Added Room: Name=TLine
